
NC_004547,Pectobacterium atrosepticum SCRI1043 chromosome, complete genome.,Bacteria

	Putative CRISPRs prediction done.
	Total putative CRISPRs to process: 58 from 1 sequences
	NC_004547-Pectobacterium atrosepticum SCRI1043 chromosome, complete genome. - 4330976-4331040	 Remaining: 57
	NC_004547-Pectobacterium atrosepticum SCRI1043 chromosome, complete genome. - 3148498-3148617	 Remaining: 56
	NC_004547-Pectobacterium atrosepticum SCRI1043 chromosome, complete genome. - 421037-421108	 Remaining: 55
	NC_004547-Pectobacterium atrosepticum SCRI1043 chromosome, complete genome. - 352936-353006	 Remaining: 54
	NC_004547-Pectobacterium atrosepticum SCRI1043 chromosome, complete genome. - 4987731-4987816	 Remaining: 53
	NC_004547-Pectobacterium atrosepticum SCRI1043 chromosome, complete genome. - 3838836-3838966	 Remaining: 52
	NC_004547-Pectobacterium atrosepticum SCRI1043 chromosome, complete genome. - 1392304-1392404	 Remaining: 51
	NC_004547-Pectobacterium atrosepticum SCRI1043 chromosome, complete genome. - 1496804-1496943	 Remaining: 50
	NC_004547-Pectobacterium atrosepticum SCRI1043 chromosome, complete genome. - 4124165-4124300	 Remaining: 49
	NC_004547-Pectobacterium atrosepticum SCRI1043 chromosome, complete genome. - 3880955-3881019	 Remaining: 48
	NC_004547-Pectobacterium atrosepticum SCRI1043 chromosome, complete genome. - 2205061-2205131	 Remaining: 47
	NC_004547-Pectobacterium atrosepticum SCRI1043 chromosome, complete genome. - 3071190-3071311	 Remaining: 46
	NC_004547-Pectobacterium atrosepticum SCRI1043 chromosome, complete genome. - 1183557-1183686	 Remaining: 45
	NC_004547-Pectobacterium atrosepticum SCRI1043 chromosome, complete genome. - 3955084-3955160	 Remaining: 44
	NC_004547-Pectobacterium atrosepticum SCRI1043 chromosome, complete genome. - 715342-715471	 Remaining: 43
	NC_004547-Pectobacterium atrosepticum SCRI1043 chromosome, complete genome. - 2284690-2284755	 Remaining: 42
	NC_004547-Pectobacterium atrosepticum SCRI1043 chromosome, complete genome. - 2166176-2166240	 Remaining: 41
	  Array_quality_score= 8.96
	NC_004547-Pectobacterium atrosepticum SCRI1043 chromosome, complete genome. - 350384-350460	 Remaining: 40
	NC_004547-Pectobacterium atrosepticum SCRI1043 chromosome, complete genome. - 4136210-4136521	 Remaining: 39
	NC_004547-Pectobacterium atrosepticum SCRI1043 chromosome, complete genome. - 821008-821095	 Remaining: 38
	NC_004547-Pectobacterium atrosepticum SCRI1043 chromosome, complete genome. - 4841332-4841394	 Remaining: 37
	NC_004547-Pectobacterium atrosepticum SCRI1043 chromosome, complete genome. - 1556974-1557110	 Remaining: 36
	NC_004547-Pectobacterium atrosepticum SCRI1043 chromosome, complete genome. - 4134780-4134864	 Remaining: 35
	  Array_quality_score= 8.64
	  Array_quality_score= 2.80
	NC_004547-Pectobacterium atrosepticum SCRI1043 chromosome, complete genome. - 554203-554291	 Remaining: 34
	NC_004547-Pectobacterium atrosepticum SCRI1043 chromosome, complete genome. - 2610488-2610588	 Remaining: 33
	NC_004547-Pectobacterium atrosepticum SCRI1043 chromosome, complete genome. - 4506668-4506738	 Remaining: 32
	  Array_quality_score= 0.88
	  Array_quality_score= 8.99
	NC_004547-Pectobacterium atrosepticum SCRI1043 chromosome, complete genome. - 4135968-4136169	 Remaining: 31
	NC_004547-Pectobacterium atrosepticum SCRI1043 chromosome, complete genome. - 4097710-4097815	 Remaining: 30
	NC_004547-Pectobacterium atrosepticum SCRI1043 chromosome, complete genome. - 891804-891888	 Remaining: 29
	NC_004547-Pectobacterium atrosepticum SCRI1043 chromosome, complete genome. - 357809-357922	 Remaining: 28
	NC_004547-Pectobacterium atrosepticum SCRI1043 chromosome, complete genome. - 373968-374101	 Remaining: 27
	NC_004547-Pectobacterium atrosepticum SCRI1043 chromosome, complete genome. - 4188570-4188662	 Remaining: 26
	NC_004547-Pectobacterium atrosepticum SCRI1043 chromosome, complete genome. - 30581-30679	 Remaining: 25
	NC_004547-Pectobacterium atrosepticum SCRI1043 chromosome, complete genome. - 1234025-1234139	 Remaining: 24
	  Array_quality_score= 1.88
	NC_004547-Pectobacterium atrosepticum SCRI1043 chromosome, complete genome. - 4835315-4835403	 Remaining: 23
	NC_004547-Pectobacterium atrosepticum SCRI1043 chromosome, complete genome. - 2284602-2284668	 Remaining: 22
	NC_004547-Pectobacterium atrosepticum SCRI1043 chromosome, complete genome. - 145377-145483	 Remaining: 21
	NC_004547-Pectobacterium atrosepticum SCRI1043 chromosome, complete genome. - 3781383-3781478	 Remaining: 20
	NC_004547-Pectobacterium atrosepticum SCRI1043 chromosome, complete genome. - 696598-696705	 Remaining: 19
	  Array_quality_score= 3.14
	NC_004547-Pectobacterium atrosepticum SCRI1043 chromosome, complete genome. - 4140500-4140606	 Remaining: 18
	NC_004547-Pectobacterium atrosepticum SCRI1043 chromosome, complete genome. - 5047340-5047452	 Remaining: 17
	NC_004547-Pectobacterium atrosepticum SCRI1043 chromosome, complete genome. - 3841949-3842031	 Remaining: 16
	NC_004547-Pectobacterium atrosepticum SCRI1043 chromosome, complete genome. - 3726229-3726357	 Remaining: 15
	NC_004547-Pectobacterium atrosepticum SCRI1043 chromosome, complete genome. - 1320012-1320117	 Remaining: 14
	NC_004547-Pectobacterium atrosepticum SCRI1043 chromosome, complete genome. - 1766161-1766266	 Remaining: 13
	NC_004547-Pectobacterium atrosepticum SCRI1043 chromosome, complete genome. - 4544871-4544954	 Remaining: 12
	NC_004547-Pectobacterium atrosepticum SCRI1043 chromosome, complete genome. - 4124517-4125848	 Remaining: 11
	NC_004547-Pectobacterium atrosepticum SCRI1043 chromosome, complete genome. - 1434577-1434658	 Remaining: 10
	NC_004547-Pectobacterium atrosepticum SCRI1043 chromosome, complete genome. - 4263227-4263345	 Remaining: 9
	  Array_quality_score= 1.84
	NC_004547-Pectobacterium atrosepticum SCRI1043 chromosome, complete genome. - 3471260-3471348	 Remaining: 8
	NC_004547-Pectobacterium atrosepticum SCRI1043 chromosome, complete genome. - 869540-869625	 Remaining: 7
	NC_004547-Pectobacterium atrosepticum SCRI1043 chromosome, complete genome. - 1940753-1940844	 Remaining: 6
	NC_004547-Pectobacterium atrosepticum SCRI1043 chromosome, complete genome. - 5009940-5010052	 Remaining: 5
	NC_004547-Pectobacterium atrosepticum SCRI1043 chromosome, complete genome. - 4952267-4952334	 Remaining: 4
	NC_004547-Pectobacterium atrosepticum SCRI1043 chromosome, complete genome. - 197880-197983	 Remaining: 3
	NC_004547-Pectobacterium atrosepticum SCRI1043 chromosome, complete genome. - 4124341-4124480	 Remaining: 2
	NC_004547-Pectobacterium atrosepticum SCRI1043 chromosome, complete genome. - 1133386-1133459	 Remaining: 1
	NC_004547-Pectobacterium atrosepticum SCRI1043 chromosome, complete genome. - 2904298-2904358	 Remaining: 0
